<?xml version="1.0" encoding="UTF-8"?>
<!-- Generated by org.testng.reporters.JUnitXMLReporter -->
<testsuite hostname="Rini-PC" name="Default test" tests="3" failures="0" timestamp="18 Apr 2017 20:25:49 GMT" time="2.497" errors="0">
  <testcase name="getTwitter" time="1.845" classname="maven.Twitter.Testpage.Twitterchecktest"/>
  <testcase name="postTwitter" time="0.195" classname="maven.Twitter.Testpage.Twitterchecktest"/>
  <testcase name="postTwitter" time="0.399" classname="maven.Twitter.Testpage.Twitterchecktest"/>
</testsuite> <!-- Default test -->
