<?xml version="1.0" encoding="UTF-8"?>
<testng-results skipped="0" failed="0" total="3" passed="3">
  <reporter-output>
  </reporter-output>
  <suite name="Default suite" duration-ms="2497" started-at="2017-04-18T20:25:46Z" finished-at="2017-04-18T20:25:49Z">
    <groups>
    </groups>
    <test name="Default test" duration-ms="2497" started-at="2017-04-18T20:25:46Z" finished-at="2017-04-18T20:25:49Z">
      <class name="maven.Twitter.Testpage.Twitterchecktest">
        <test-method status="PASS" signature="getTwitter()[pri:0, instance:maven.Twitter.Testpage.Twitterchecktest@5419f379]" name="getTwitter" duration-ms="1845" started-at="2017-04-18T13:25:46Z" finished-at="2017-04-18T13:25:48Z">
          <reporter-output>
          </reporter-output>
        </test-method> <!-- getTwitter -->
        <test-method status="PASS" signature="postTwitter(java.lang.String, java.lang.String)[pri:0, instance:maven.Twitter.Testpage.Twitterchecktest@5419f379]" name="postTwitter" duration-ms="195" started-at="2017-04-18T13:25:48Z" data-provider="postCheck" finished-at="2017-04-18T13:25:49Z">
          <params>
            <param index="0">
              <value>
                <![CDATA[shashank]]>
              </value>
            </param>
            <param index="1">
              <value>
                <![CDATA[seattle]]>
              </value>
            </param>
          </params>
          <reporter-output>
          </reporter-output>
        </test-method> <!-- postTwitter -->
        <test-method status="PASS" signature="postTwitter(java.lang.String, java.lang.String)[pri:0, instance:maven.Twitter.Testpage.Twitterchecktest@5419f379]" name="postTwitter" duration-ms="399" started-at="2017-04-18T13:25:49Z" data-provider="postCheck" finished-at="2017-04-18T13:25:49Z">
          <params>
            <param index="0">
              <value>
                <![CDATA[shubham]]>
              </value>
            </param>
            <param index="1">
              <value>
                <![CDATA[newyork]]>
              </value>
            </param>
          </params>
          <reporter-output>
          </reporter-output>
        </test-method> <!-- postTwitter -->
      </class> <!-- maven.Twitter.Testpage.Twitterchecktest -->
    </test> <!-- Default test -->
  </suite> <!-- Default suite -->
</testng-results>
